TN:
SF:src/utils/calculator.js
FN:11,add
FN:24,subtract
FN:37,multiply
FN:50,divide
FNF:4
FNH:4
FNDA:14,add
FNDA:6,subtract
FNDA:8,multiply
FNDA:7,divide
DA:12,14
DA:13,3
DA:15,11
DA:25,6
DA:26,2
DA:28,4
DA:38,8
DA:39,1
DA:41,7
DA:51,7
DA:52,2
DA:54,5
DA:55,1
DA:57,4
DA:60,1
LF:15
LH:15
BRDA:12,0,0,3
BRDA:12,0,1,11
BRDA:12,1,0,14
BRDA:12,1,1,12
BRDA:25,2,0,2
BRDA:25,2,1,4
BRDA:25,3,0,6
BRDA:25,3,1,5
BRDA:38,4,0,1
BRDA:38,4,1,7
BRDA:38,5,0,8
BRDA:38,5,1,7
BRDA:51,6,0,2
BRDA:51,6,1,5
BRDA:51,7,0,7
BRDA:51,7,1,6
BRDA:54,8,0,1
BRDA:54,8,1,4
BRF:18
BRH:18
end_of_record
TN:
SF:src/utils/email.js
FN:10,isValidEmail
FN:25,getEmailDomain
FN:39,sanitizeEmail
FNF:3
FNH:3
FNDA:19,isValidEmail
FNDA:6,getEmailDomain
FNDA:6,sanitizeEmail
DA:11,19
DA:12,4
DA:16,15
DA:17,15
DA:26,6
DA:27,3
DA:30,3
DA:31,3
DA:40,6
DA:41,3
DA:44,3
DA:47,1
LF:12
LH:12
BRDA:11,0,0,4
BRDA:11,0,1,15
BRDA:26,1,0,3
BRDA:26,1,1,3
BRDA:40,2,0,3
BRDA:40,2,1,3
BRF:6
BRH:6
end_of_record
